[ 2023-10-16 15:34:51,894 ] 19 root - INFO - At model trainier
[ 2023-10-16 15:34:51,894 ] 14 root - INFO - Data Ingestion is started
[ 2023-10-16 15:34:51,899 ] 18 root - INFO - Saving data
[ 2023-10-16 15:34:51,904 ] 23 root - INFO - Ingestion success
[ 2023-10-16 15:34:51,904 ] 24 root - INFO - Training data stored at artifacts\train.csv
[ 2023-10-16 15:34:51,904 ] 25 root - INFO - Test path stored at artifacts\test.csv
[ 2023-10-16 15:34:51,904 ] 17 root - INFO - Initiating Pipeline
[ 2023-10-16 15:34:51,917 ] 23 root - INFO - Splitting data in train and test
[ 2023-10-16 15:34:51,918 ] 33 root - INFO - Establishing Pipeline
[ 2023-10-16 15:34:51,918 ] 55 root - INFO - Pipeline creation done successfully
[ 2023-10-16 15:34:51,919 ] 57 root - INFO - Pipleine Successfully created saving pickle file of preprocessor
[ 2023-10-16 15:34:51,919 ] 24 root - INFO - Splitting Sucess
[ 2023-10-16 15:34:51,919 ] 25 root - INFO - Got Index(['ssc_p', 'ssc_b', 'hsc_p', 'hsc_b', 'hsc_s', 'degree_p', 'degree_t',
       'workex', 'etest_p', 'specialisation', 'mba_p'],
      dtype='object') as column names
[ 2023-10-16 15:34:51,919 ] 31 root - INFO - Transforming data
[ 2023-10-16 15:34:51,933 ] 36 root - INFO - Doing hyperparameter tuning for Decision Tree Classifier
[ 2023-10-16 15:34:52,320 ] 47 root - INFO - Done hyperpamater tuning
[ 2023-10-16 15:34:52,320 ] 54 root - INFO - Model Training
[ 2023-10-16 15:34:52,321 ] 57 root - INFO - Training Success
[ 2023-10-16 15:34:52,332 ] 63 root - INFO - Training success
[ 2023-10-16 15:34:52,332 ] 64 root - INFO - Accuracy is 75.38461538461539 %
[ 2023-10-16 15:34:52,332 ] 65 root - INFO - Classification report 
               precision    recall  f1-score   support

           0       0.62      0.62      0.62        21
           1       0.82      0.82      0.82        44

    accuracy                           0.75        65
   macro avg       0.72      0.72      0.72        65
weighted avg       0.75      0.75      0.75        65
 
[ 2023-10-16 15:34:52,332 ] 66 root - INFO - confusion matrix 
 [[13  8]
 [ 8 36]]
[ 2023-10-16 15:34:52,332 ] 67 root - INFO - saved model file at models
