[ 2023-10-16 15:21:35,622 ] 19 root - INFO - At model trainier
[ 2023-10-16 15:21:35,622 ] 14 root - INFO - Data Ingestion is started
[ 2023-10-16 15:21:35,627 ] 18 root - INFO - Saving data
[ 2023-10-16 15:21:35,633 ] 23 root - INFO - Ingestion success
[ 2023-10-16 15:21:35,633 ] 24 root - INFO - Training data stored at artifacts\train.csv
[ 2023-10-16 15:21:35,633 ] 25 root - INFO - Test path stored at artifacts\test.csv
[ 2023-10-16 15:21:35,634 ] 17 root - INFO - Initiating Pipeline
[ 2023-10-16 15:21:35,646 ] 23 root - INFO - Splitting data in train and test
[ 2023-10-16 15:21:35,647 ] 33 root - INFO - Establishing Pipeline
[ 2023-10-16 15:21:35,647 ] 55 root - INFO - Pipeline creation done successfully
[ 2023-10-16 15:21:35,648 ] 57 root - INFO - Pipleine Successfully created saving pickle file of preprocessor
[ 2023-10-16 15:21:35,648 ] 24 root - INFO - Splitting Sucess
[ 2023-10-16 15:21:35,648 ] 25 root - INFO - Got Index(['ssc_p', 'ssc_b', 'hsc_p', 'hsc_b', 'hsc_s', 'degree_p', 'degree_t',
       'workex', 'etest_p', 'specialisation', 'mba_p', 'salary'],
      dtype='object') as column names
[ 2023-10-16 15:21:35,649 ] 31 root - INFO - Transforming data
[ 2023-10-16 15:21:35,663 ] 36 root - INFO - Doing hyperparameter tuning for Random Forest Classifier
[ 2023-10-16 15:23:21,458 ] 47 root - INFO - Done hyperpamater tuning
[ 2023-10-16 15:23:21,458 ] 54 root - INFO - Model Training
[ 2023-10-16 15:23:21,590 ] 57 root - INFO - Training Success
[ 2023-10-16 15:23:21,604 ] 63 root - INFO - Training success
[ 2023-10-16 15:23:21,604 ] 64 root - INFO - Accuracy is 100.0 %
[ 2023-10-16 15:23:21,604 ] 65 root - INFO - Classification report 
               precision    recall  f1-score   support

           0       1.00      1.00      1.00        21
           1       1.00      1.00      1.00        44

    accuracy                           1.00        65
   macro avg       1.00      1.00      1.00        65
weighted avg       1.00      1.00      1.00        65
 
[ 2023-10-16 15:23:21,605 ] 66 root - INFO - confusion matrix 
 [[21  0]
 [ 0 44]]
[ 2023-10-16 15:23:21,605 ] 67 root - INFO - saved model file at models
