[ 2023-10-16 20:08:42,692 ] 20 root - INFO - At model trainier
[ 2023-10-16 20:08:42,692 ] 14 root - INFO - Data Ingestion is started
[ 2023-10-16 20:08:42,693 ] 18 root - INFO - Saving data
[ 2023-10-16 20:08:42,704 ] 23 root - INFO - Ingestion success
[ 2023-10-16 20:08:42,704 ] 24 root - INFO - Training data stored at artifacts\train.csv
[ 2023-10-16 20:08:42,704 ] 25 root - INFO - Test path stored at artifacts\test.csv
[ 2023-10-16 20:08:42,704 ] 17 root - INFO - Initiating Pipeline
[ 2023-10-16 20:08:42,718 ] 23 root - INFO - Splitting data in train and test
[ 2023-10-16 20:08:42,718 ] 33 root - INFO - Establishing Pipeline
[ 2023-10-16 20:08:42,718 ] 55 root - INFO - Pipeline creation done successfully
[ 2023-10-16 20:08:42,718 ] 57 root - INFO - Pipleine Successfully created saving pickle file of preprocessor
[ 2023-10-16 20:08:42,718 ] 25 root - INFO - Splitting Sucess
[ 2023-10-16 20:08:42,718 ] 26 root - INFO - Got Index(['ssc_p', 'ssc_b', 'hsc_p', 'hsc_b', 'hsc_s', 'degree_p', 'degree_t',
       'workex', 'etest_p', 'specialisation', 'mba_p'],
      dtype='object') as column names
[ 2023-10-16 20:08:42,718 ] 32 root - INFO - Transforming data
[ 2023-10-16 20:08:42,762 ] 37 root - INFO -    num_pipeline__ssc_p  ...  cat_pipeline__specialisation_Mkt&HR
0            -0.033107  ...                                  1.0
1            -0.396059  ...                                  0.0
2            -1.212701  ...                                  1.0
3            -1.394177  ...                                  1.0
4            -1.394177  ...                                  0.0

[5 rows x 19 columns]
[ 2023-10-16 20:08:42,762 ] 39 root - INFO - Doing hyperparameter tuning for Random Forest Classifier
[ 2023-10-16 20:08:42,762 ] 43 root - INFO - Applying smote
[ 2023-10-16 20:08:43,025 ] 47 root - INFO - Got (208, 19) as new rows and columns
[ 2023-10-16 20:08:44,083 ] 57 root - INFO - Done hyperpamater tuning
[ 2023-10-16 20:08:44,083 ] 64 root - INFO - Model Training
[ 2023-10-16 20:08:44,083 ] 67 root - INFO - Training Success
[ 2023-10-16 20:08:44,099 ] 73 root - INFO - Training success
[ 2023-10-16 20:08:44,099 ] 74 root - INFO - Accuracy is 83.07692307692308 %
[ 2023-10-16 20:08:44,099 ] 75 root - INFO - Classification report 
               precision    recall  f1-score   support

           0       0.75      0.71      0.73        21
           1       0.87      0.89      0.88        44

    accuracy                           0.83        65
   macro avg       0.81      0.80      0.80        65
weighted avg       0.83      0.83      0.83        65
 
[ 2023-10-16 20:08:44,099 ] 76 root - INFO - confusion matrix 
 [[15  6]
 [ 5 39]]
[ 2023-10-16 20:08:44,099 ] 77 root - INFO - saved model file at models
