[ 2023-10-16 16:11:43,105 ] 19 root - INFO - At model trainier
[ 2023-10-16 16:11:43,105 ] 14 root - INFO - Data Ingestion is started
[ 2023-10-16 16:11:43,110 ] 18 root - INFO - Saving data
[ 2023-10-16 16:11:43,115 ] 23 root - INFO - Ingestion success
[ 2023-10-16 16:11:43,115 ] 24 root - INFO - Training data stored at artifacts\train.csv
[ 2023-10-16 16:11:43,115 ] 25 root - INFO - Test path stored at artifacts\test.csv
[ 2023-10-16 16:11:43,115 ] 17 root - INFO - Initiating Pipeline
[ 2023-10-16 16:11:43,128 ] 23 root - INFO - Splitting data in train and test
[ 2023-10-16 16:11:43,129 ] 33 root - INFO - Establishing Pipeline
[ 2023-10-16 16:11:43,130 ] 55 root - INFO - Pipeline creation done successfully
[ 2023-10-16 16:11:43,130 ] 57 root - INFO - Pipleine Successfully created saving pickle file of preprocessor
[ 2023-10-16 16:11:43,130 ] 24 root - INFO - Splitting Sucess
[ 2023-10-16 16:11:43,130 ] 25 root - INFO - Got Index(['ssc_p', 'ssc_b', 'hsc_p', 'hsc_b', 'hsc_s', 'degree_p', 'degree_t',
       'workex', 'etest_p', 'specialisation', 'mba_p'],
      dtype='object') as column names
[ 2023-10-16 16:11:43,130 ] 31 root - INFO - Transforming data
[ 2023-10-16 16:11:43,146 ] 36 root - INFO - Doing hyperparameter tuning for Decision Tree Classifier
[ 2023-10-16 16:11:43,478 ] 47 root - INFO - Done hyperpamater tuning
[ 2023-10-16 16:11:43,478 ] 54 root - INFO - Model Training
[ 2023-10-16 16:11:43,479 ] 57 root - INFO - Training Success
[ 2023-10-16 16:11:43,486 ] 63 root - INFO - Training success
[ 2023-10-16 16:11:43,486 ] 64 root - INFO - Accuracy is 64.61538461538461 %
[ 2023-10-16 16:11:43,486 ] 65 root - INFO - Classification report 
               precision    recall  f1-score   support

           0       0.45      0.43      0.44        21
           1       0.73      0.75      0.74        44

    accuracy                           0.65        65
   macro avg       0.59      0.59      0.59        65
weighted avg       0.64      0.65      0.64        65
 
[ 2023-10-16 16:11:43,487 ] 66 root - INFO - confusion matrix 
 [[ 9 12]
 [11 33]]
[ 2023-10-16 16:11:43,487 ] 67 root - INFO - saved model file at models
