[ 2023-10-16 15:40:56,648 ] 19 root - INFO - At model trainier
[ 2023-10-16 15:40:56,648 ] 14 root - INFO - Data Ingestion is started
[ 2023-10-16 15:40:56,653 ] 18 root - INFO - Saving data
[ 2023-10-16 15:40:56,658 ] 23 root - INFO - Ingestion success
[ 2023-10-16 15:40:56,658 ] 24 root - INFO - Training data stored at artifacts\train.csv
[ 2023-10-16 15:40:56,658 ] 25 root - INFO - Test path stored at artifacts\test.csv
[ 2023-10-16 15:40:56,658 ] 17 root - INFO - Initiating Pipeline
[ 2023-10-16 15:40:56,672 ] 23 root - INFO - Splitting data in train and test
[ 2023-10-16 15:40:56,673 ] 33 root - INFO - Establishing Pipeline
[ 2023-10-16 15:40:56,673 ] 55 root - INFO - Pipeline creation done successfully
[ 2023-10-16 15:40:56,674 ] 57 root - INFO - Pipleine Successfully created saving pickle file of preprocessor
[ 2023-10-16 15:40:56,674 ] 24 root - INFO - Splitting Sucess
[ 2023-10-16 15:40:56,674 ] 25 root - INFO - Got Index(['ssc_p', 'ssc_b', 'hsc_p', 'hsc_b', 'hsc_s', 'degree_p', 'degree_t',
       'workex', 'etest_p', 'specialisation', 'mba_p'],
      dtype='object') as column names
[ 2023-10-16 15:40:56,675 ] 31 root - INFO - Transforming data
[ 2023-10-16 15:40:56,691 ] 36 root - INFO - Doing hyperparameter tuning for Random Forest Classifier
[ 2023-10-16 15:41:11,581 ] 47 root - INFO - Done hyperpamater tuning
[ 2023-10-16 15:41:11,581 ] 54 root - INFO - Model Training
[ 2023-10-16 15:41:11,597 ] 57 root - INFO - Training Success
[ 2023-10-16 15:41:11,607 ] 63 root - INFO - Training success
[ 2023-10-16 15:41:11,607 ] 64 root - INFO - Accuracy is 81.53846153846153 %
[ 2023-10-16 15:41:11,607 ] 65 root - INFO - Classification report 
               precision    recall  f1-score   support

           0       0.91      0.48      0.62        21
           1       0.80      0.98      0.88        44

    accuracy                           0.82        65
   macro avg       0.85      0.73      0.75        65
weighted avg       0.83      0.82      0.80        65
 
[ 2023-10-16 15:41:11,607 ] 66 root - INFO - confusion matrix 
 [[10 11]
 [ 1 43]]
[ 2023-10-16 15:41:11,608 ] 67 root - INFO - saved model file at models
