[ 2023-10-16 20:06:05,850 ] 20 root - INFO - At model trainier
[ 2023-10-16 20:06:05,851 ] 14 root - INFO - Data Ingestion is started
[ 2023-10-16 20:06:05,851 ] 18 root - INFO - Saving data
[ 2023-10-16 20:06:05,870 ] 23 root - INFO - Ingestion success
[ 2023-10-16 20:06:05,870 ] 24 root - INFO - Training data stored at artifacts\train.csv
[ 2023-10-16 20:06:05,872 ] 25 root - INFO - Test path stored at artifacts\test.csv
[ 2023-10-16 20:06:05,872 ] 17 root - INFO - Initiating Pipeline
[ 2023-10-16 20:06:05,893 ] 23 root - INFO - Splitting data in train and test
[ 2023-10-16 20:06:05,901 ] 33 root - INFO - Establishing Pipeline
[ 2023-10-16 20:06:05,901 ] 55 root - INFO - Pipeline creation done successfully
[ 2023-10-16 20:06:05,901 ] 57 root - INFO - Pipleine Successfully created saving pickle file of preprocessor
[ 2023-10-16 20:06:05,901 ] 25 root - INFO - Splitting Sucess
[ 2023-10-16 20:06:05,901 ] 26 root - INFO - Got Index(['ssc_p', 'ssc_b', 'hsc_p', 'hsc_b', 'hsc_s', 'degree_p', 'degree_t',
       'workex', 'etest_p', 'specialisation', 'mba_p'],
      dtype='object') as column names
[ 2023-10-16 20:06:05,901 ] 32 root - INFO - Transforming data
[ 2023-10-16 20:06:05,993 ] 37 root - INFO -    num_pipeline__ssc_p  ...  cat_pipeline__specialisation_Mkt&HR
0            -0.033107  ...                                  1.0
1            -0.396059  ...                                  0.0
2            -1.212701  ...                                  1.0
3            -1.394177  ...                                  1.0
4            -1.394177  ...                                  0.0

[5 rows x 19 columns]
[ 2023-10-16 20:06:05,993 ] 39 root - INFO - Doing hyperparameter tuning for Random Forest Classifier
[ 2023-10-16 20:06:05,993 ] 43 root - INFO - Applying smote
[ 2023-10-16 20:06:06,314 ] 47 root - INFO - Got (208, 19) as new rows and columns
[ 2023-10-16 20:06:08,530 ] 57 root - INFO - Done hyperpamater tuning
[ 2023-10-16 20:06:08,530 ] 64 root - INFO - Model Training
[ 2023-10-16 20:06:08,530 ] 67 root - INFO - Training Success
[ 2023-10-16 20:06:08,545 ] 73 root - INFO - Training success
[ 2023-10-16 20:06:08,545 ] 74 root - INFO - Accuracy is 78.46153846153847 %
[ 2023-10-16 20:06:08,545 ] 75 root - INFO - Classification report 
               precision    recall  f1-score   support

           0       0.71      0.57      0.63        21
           1       0.81      0.89      0.85        44

    accuracy                           0.78        65
   macro avg       0.76      0.73      0.74        65
weighted avg       0.78      0.78      0.78        65
 
[ 2023-10-16 20:06:08,545 ] 76 root - INFO - confusion matrix 
 [[12  9]
 [ 5 39]]
[ 2023-10-16 20:06:08,545 ] 77 root - INFO - saved model file at models
