[ 2023-10-16 20:03:13,339 ] 20 root - INFO - At model trainier
[ 2023-10-16 20:03:13,340 ] 14 root - INFO - Data Ingestion is started
[ 2023-10-16 20:03:13,363 ] 18 root - INFO - Saving data
[ 2023-10-16 20:03:13,375 ] 23 root - INFO - Ingestion success
[ 2023-10-16 20:03:13,378 ] 24 root - INFO - Training data stored at artifacts\train.csv
[ 2023-10-16 20:03:13,378 ] 25 root - INFO - Test path stored at artifacts\test.csv
[ 2023-10-16 20:03:13,378 ] 17 root - INFO - Initiating Pipeline
[ 2023-10-16 20:03:13,423 ] 23 root - INFO - Splitting data in train and test
[ 2023-10-16 20:03:13,435 ] 33 root - INFO - Establishing Pipeline
[ 2023-10-16 20:03:13,435 ] 55 root - INFO - Pipeline creation done successfully
[ 2023-10-16 20:03:13,435 ] 57 root - INFO - Pipleine Successfully created saving pickle file of preprocessor
[ 2023-10-16 20:03:13,435 ] 25 root - INFO - Splitting Sucess
[ 2023-10-16 20:03:13,435 ] 26 root - INFO - Got Index(['ssc_p', 'ssc_b', 'hsc_p', 'hsc_b', 'hsc_s', 'degree_p', 'degree_t',
       'workex', 'etest_p', 'specialisation', 'mba_p'],
      dtype='object') as column names
[ 2023-10-16 20:03:13,438 ] 32 root - INFO - Transforming data
[ 2023-10-16 20:03:13,516 ] 37 root - INFO -    num_pipeline__ssc_p  ...  cat_pipeline__specialisation_Mkt&HR
0            -0.033107  ...                                  1.0
1            -0.396059  ...                                  0.0
2            -1.212701  ...                                  1.0
3            -1.394177  ...                                  1.0
4            -1.394177  ...                                  0.0

[5 rows x 19 columns]
[ 2023-10-16 20:03:13,516 ] 39 root - INFO - Doing hyperparameter tuning for Random Forest Classifier
[ 2023-10-16 20:03:13,516 ] 43 root - INFO - Applying smote
[ 2023-10-16 20:03:13,746 ] 47 root - INFO - Got (208, 19) as new rows and columns
[ 2023-10-16 20:03:18,876 ] 57 root - INFO - Done hyperpamater tuning
[ 2023-10-16 20:03:18,876 ] 64 root - INFO - Model Training
[ 2023-10-16 20:03:18,885 ] 67 root - INFO - Training Success
[ 2023-10-16 20:03:18,886 ] 73 root - INFO - Training success
[ 2023-10-16 20:03:18,886 ] 74 root - INFO - Accuracy is 75.38461538461539 %
[ 2023-10-16 20:03:18,886 ] 75 root - INFO - Classification report 
               precision    recall  f1-score   support

           0       0.65      0.52      0.58        21
           1       0.79      0.86      0.83        44

    accuracy                           0.75        65
   macro avg       0.72      0.69      0.70        65
weighted avg       0.74      0.75      0.75        65
 
[ 2023-10-16 20:03:18,886 ] 76 root - INFO - confusion matrix 
 [[11 10]
 [ 6 38]]
[ 2023-10-16 20:03:18,886 ] 77 root - INFO - saved model file at models
