[ 2023-10-16 19:55:44,230 ] 20 root - INFO - At model trainier
[ 2023-10-16 19:55:44,230 ] 14 root - INFO - Data Ingestion is started
[ 2023-10-16 19:55:44,230 ] 18 root - INFO - Saving data
[ 2023-10-16 19:55:44,244 ] 23 root - INFO - Ingestion success
[ 2023-10-16 19:55:44,244 ] 24 root - INFO - Training data stored at artifacts\train.csv
[ 2023-10-16 19:55:44,244 ] 25 root - INFO - Test path stored at artifacts\test.csv
[ 2023-10-16 19:55:44,244 ] 17 root - INFO - Initiating Pipeline
[ 2023-10-16 19:55:44,264 ] 23 root - INFO - Splitting data in train and test
[ 2023-10-16 19:55:44,264 ] 33 root - INFO - Establishing Pipeline
[ 2023-10-16 19:55:44,264 ] 55 root - INFO - Pipeline creation done successfully
[ 2023-10-16 19:55:44,264 ] 57 root - INFO - Pipleine Successfully created saving pickle file of preprocessor
[ 2023-10-16 19:55:44,264 ] 25 root - INFO - Splitting Sucess
[ 2023-10-16 19:55:44,264 ] 26 root - INFO - Got Index(['ssc_p', 'ssc_b', 'hsc_p', 'hsc_b', 'hsc_s', 'degree_p', 'degree_t',
       'workex', 'etest_p', 'specialisation', 'mba_p'],
      dtype='object') as column names
[ 2023-10-16 19:55:44,264 ] 32 root - INFO - Transforming data
[ 2023-10-16 19:55:44,299 ] 37 root - INFO - Doing hyperparameter tuning for Random Forest Classifier
[ 2023-10-16 19:55:44,299 ] 41 root - INFO - Applying smote
[ 2023-10-16 19:55:44,583 ] 45 root - INFO - Got (208, 19) as new rows and columns
[ 2023-10-16 19:55:44,645 ] 80 root - INFO - Error occured in python script name [f:/New folder/CampusPlacementPrediction/src/components/model_trainer.py] line number [54] error message[X should be a square kernel matrix]
